2020-06-20 18:37:12.244840 | INFO | Server aqueduct/1 started. | aqueduct
2020-06-20 18:37:12.536486 | INFO | Server aqueduct/2 started. | aqueduct
2020-06-20 18:37:12.823490 | INFO | Server aqueduct/3 started. | aqueduct
2020-06-20 18:37:13.118284 | INFO | Server aqueduct/4 started. | aqueduct
2020-06-20 18:37:26.861850 | INFO | PostgreSQL connecting, dart_app@localhost:5432/dependency_database. | aqueduct
2020-06-20 18:37:26.944268 | INFO | Starting background processing and returning token | aqueduct
2020-06-20 18:37:26.978812 | INFO | GET /details/com.github.AraujoJordan:ExcuseMe:0.9.5 125ms 200  | aqueduct
2020-06-20 18:37:27.991520 | INFO | GET /status/28fd74c1-b7be-44e5-a010-9e028b10df7a 5ms 204  | aqueduct
2020-06-20 18:37:28.988570 | INFO | GET /status/28fd74c1-b7be-44e5-a010-9e028b10df7a 2ms 204  | aqueduct
2020-06-20 18:37:29.987609 | INFO | GET /status/28fd74c1-b7be-44e5-a010-9e028b10df7a 2ms 204  | aqueduct
2020-06-20 18:37:30.984652 | INFO | GET /status/28fd74c1-b7be-44e5-a010-9e028b10df7a 2ms 204  | aqueduct
2020-06-20 18:37:31.985644 | INFO | GET /status/28fd74c1-b7be-44e5-a010-9e028b10df7a 2ms 204  | aqueduct
2020-06-20 18:37:32.988887 | INFO | GET /status/28fd74c1-b7be-44e5-a010-9e028b10df7a 2ms 204  | aqueduct
2020-06-20 18:37:33.986998 | INFO | GET /status/28fd74c1-b7be-44e5-a010-9e028b10df7a 2ms 204  | aqueduct
2020-06-20 18:37:34.987520 | INFO | GET /status/28fd74c1-b7be-44e5-a010-9e028b10df7a 2ms 204  | aqueduct
2020-06-20 18:37:35.991082 | INFO | GET /status/28fd74c1-b7be-44e5-a010-9e028b10df7a 2ms 204  | aqueduct
2020-06-20 18:37:36.987303 | INFO | GET /status/28fd74c1-b7be-44e5-a010-9e028b10df7a 2ms 204  | aqueduct
2020-06-20 18:37:37.986909 | INFO | GET /status/28fd74c1-b7be-44e5-a010-9e028b10df7a 1ms 204  | aqueduct
2020-06-20 18:37:38.986366 | INFO | GET /status/28fd74c1-b7be-44e5-a010-9e028b10df7a 2ms 204  | aqueduct
2020-06-20 18:37:39.986468 | INFO | GET /status/28fd74c1-b7be-44e5-a010-9e028b10df7a 2ms 204  | aqueduct
2020-06-20 18:37:40.987853 | INFO | GET /status/28fd74c1-b7be-44e5-a010-9e028b10df7a 2ms 204  | aqueduct
2020-06-20 18:37:41.986445 | INFO | GET /status/28fd74c1-b7be-44e5-a010-9e028b10df7a 1ms 204  | aqueduct
2020-06-20 18:37:42.985528 | INFO | GET /status/28fd74c1-b7be-44e5-a010-9e028b10df7a 1ms 204  | aqueduct
2020-06-20 18:37:43.985692 | INFO | GET /status/28fd74c1-b7be-44e5-a010-9e028b10df7a 1ms 204  | aqueduct
2020-06-20 18:37:44.988799 | INFO | GET /status/28fd74c1-b7be-44e5-a010-9e028b10df7a 2ms 204  | aqueduct
2020-06-20 18:37:45.990169 | INFO | GET /status/28fd74c1-b7be-44e5-a010-9e028b10df7a 2ms 204  | aqueduct
2020-06-20 18:37:46.984282 | INFO | GET /status/28fd74c1-b7be-44e5-a010-9e028b10df7a 1ms 204  | aqueduct
2020-06-20 18:37:47.985017 | INFO | GET /status/28fd74c1-b7be-44e5-a010-9e028b10df7a 1ms 204  | aqueduct
2020-06-20 18:37:48.986098 | INFO | GET /status/28fd74c1-b7be-44e5-a010-9e028b10df7a 1ms 204  | aqueduct
2020-06-20 18:37:49.999721 | INFO | GET /status/28fd74c1-b7be-44e5-a010-9e028b10df7a 6ms 204  | aqueduct
2020-06-20 18:37:51.110828 | INFO | GET /status/28fd74c1-b7be-44e5-a010-9e028b10df7a 2ms 204  | aqueduct
2020-06-20 18:37:51.986607 | INFO | GET /status/28fd74c1-b7be-44e5-a010-9e028b10df7a 1ms 204  | aqueduct
2020-06-20 18:37:52.984424 | INFO | GET /status/28fd74c1-b7be-44e5-a010-9e028b10df7a 1ms 204  | aqueduct
2020-06-20 18:37:53.985289 | INFO | GET /status/28fd74c1-b7be-44e5-a010-9e028b10df7a 1ms 204  | aqueduct
2020-06-20 18:37:54.985884 | INFO | GET /status/28fd74c1-b7be-44e5-a010-9e028b10df7a 1ms 204  | aqueduct
2020-06-20 18:37:55.985833 | INFO | GET /status/28fd74c1-b7be-44e5-a010-9e028b10df7a 1ms 204  | aqueduct
2020-06-20 18:37:56.984506 | INFO | GET /status/28fd74c1-b7be-44e5-a010-9e028b10df7a 1ms 204  | aqueduct
2020-06-20 18:37:57.983920 | INFO | GET /status/28fd74c1-b7be-44e5-a010-9e028b10df7a 1ms 204  | aqueduct
2020-06-20 18:37:58.983861 | INFO | GET /status/28fd74c1-b7be-44e5-a010-9e028b10df7a 1ms 204  | aqueduct
2020-06-20 18:37:59.984716 | INFO | GET /status/28fd74c1-b7be-44e5-a010-9e028b10df7a 1ms 204  | aqueduct
2020-06-20 18:38:00.984681 | INFO | GET /status/28fd74c1-b7be-44e5-a010-9e028b10df7a 1ms 204  | aqueduct
2020-06-20 18:38:01.984227 | INFO | GET /status/28fd74c1-b7be-44e5-a010-9e028b10df7a 1ms 204  | aqueduct
2020-06-20 18:38:02.987656 | INFO | GET /status/28fd74c1-b7be-44e5-a010-9e028b10df7a 2ms 204  | aqueduct
2020-06-20 18:38:03.987220 | INFO | GET /status/28fd74c1-b7be-44e5-a010-9e028b10df7a 1ms 204  | aqueduct
2020-06-20 18:38:04.988167 | INFO | GET /status/28fd74c1-b7be-44e5-a010-9e028b10df7a 1ms 204  | aqueduct
2020-06-20 18:38:05.985613 | INFO | GET /status/28fd74c1-b7be-44e5-a010-9e028b10df7a 1ms 204  | aqueduct
2020-06-20 18:38:06.989899 | INFO | GET /status/28fd74c1-b7be-44e5-a010-9e028b10df7a 2ms 204  | aqueduct
2020-06-20 18:38:07.987329 | INFO | GET /status/28fd74c1-b7be-44e5-a010-9e028b10df7a 1ms 204  | aqueduct
2020-06-20 18:38:08.988932 | INFO | GET /status/28fd74c1-b7be-44e5-a010-9e028b10df7a 1ms 204  | aqueduct
2020-06-20 18:38:09.990847 | INFO | GET /status/28fd74c1-b7be-44e5-a010-9e028b10df7a 3ms 204  | aqueduct
2020-06-20 18:38:10.984143 | INFO | GET /status/28fd74c1-b7be-44e5-a010-9e028b10df7a 1ms 204  | aqueduct
2020-06-20 18:38:12.003583 | INFO | GET /status/28fd74c1-b7be-44e5-a010-9e028b10df7a 1ms 204  | aqueduct
2020-06-20 18:38:12.987759 | INFO | GET /status/28fd74c1-b7be-44e5-a010-9e028b10df7a 1ms 204  | aqueduct
2020-06-20 18:38:13.988662 | INFO | GET /status/28fd74c1-b7be-44e5-a010-9e028b10df7a 1ms 204  | aqueduct
2020-06-20 18:38:14.982387 | INFO | GET /status/28fd74c1-b7be-44e5-a010-9e028b10df7a 1ms 204  | aqueduct
2020-06-20 18:38:15.990906 | INFO | GET /status/28fd74c1-b7be-44e5-a010-9e028b10df7a 5ms 204  | aqueduct
2020-06-20 18:38:16.991235 | INFO | GET /status/28fd74c1-b7be-44e5-a010-9e028b10df7a 3ms 204  | aqueduct
2020-06-20 18:38:17.986781 | INFO | GET /status/28fd74c1-b7be-44e5-a010-9e028b10df7a 2ms 204  | aqueduct
2020-06-20 18:38:18.989530 | INFO | GET /status/28fd74c1-b7be-44e5-a010-9e028b10df7a 1ms 204  | aqueduct
2020-06-20 18:38:19.984517 | INFO | GET /status/28fd74c1-b7be-44e5-a010-9e028b10df7a 1ms 204  | aqueduct
2020-06-20 18:38:20.987202 | INFO | GET /status/28fd74c1-b7be-44e5-a010-9e028b10df7a 1ms 204  | aqueduct
2020-06-20 18:38:21.990068 | INFO | GET /status/28fd74c1-b7be-44e5-a010-9e028b10df7a 2ms 204  | aqueduct
2020-06-20 18:38:22.987912 | INFO | GET /status/28fd74c1-b7be-44e5-a010-9e028b10df7a 1ms 204  | aqueduct
2020-06-20 18:38:23.987613 | INFO | GET /status/28fd74c1-b7be-44e5-a010-9e028b10df7a 1ms 204  | aqueduct
2020-06-20 18:38:24.987782 | INFO | GET /status/28fd74c1-b7be-44e5-a010-9e028b10df7a 2ms 204  | aqueduct
2020-06-20 18:38:25.985911 | INFO | GET /status/28fd74c1-b7be-44e5-a010-9e028b10df7a 1ms 204  | aqueduct
2020-06-20 18:38:26.990112 | INFO | GET /status/28fd74c1-b7be-44e5-a010-9e028b10df7a 1ms 204  | aqueduct
2020-06-20 18:38:27.987752 | INFO | GET /status/28fd74c1-b7be-44e5-a010-9e028b10df7a 1ms 204  | aqueduct
2020-06-20 18:38:28.987416 | INFO | GET /status/28fd74c1-b7be-44e5-a010-9e028b10df7a 1ms 204  | aqueduct
2020-06-20 18:38:29.982739 | INFO | GET /status/28fd74c1-b7be-44e5-a010-9e028b10df7a 1ms 204  | aqueduct
2020-06-20 18:38:30.984917 | INFO | GET /status/28fd74c1-b7be-44e5-a010-9e028b10df7a 1ms 204  | aqueduct
2020-06-20 18:38:31.986995 | INFO | GET /status/28fd74c1-b7be-44e5-a010-9e028b10df7a 2ms 204  | aqueduct
2020-06-20 18:38:32.985810 | INFO | GET /status/28fd74c1-b7be-44e5-a010-9e028b10df7a 1ms 204  | aqueduct
2020-06-20 18:38:33.993853 | INFO | GET /status/28fd74c1-b7be-44e5-a010-9e028b10df7a 1ms 204  | aqueduct
2020-06-20 18:38:34.988061 | INFO | GET /status/28fd74c1-b7be-44e5-a010-9e028b10df7a 1ms 204  | aqueduct
2020-06-20 18:38:35.987127 | INFO | GET /status/28fd74c1-b7be-44e5-a010-9e028b10df7a 1ms 204  | aqueduct
2020-06-20 18:38:36.989525 | INFO | GET /status/28fd74c1-b7be-44e5-a010-9e028b10df7a 2ms 204  | aqueduct
2020-06-20 18:38:37.988703 | INFO | GET /status/28fd74c1-b7be-44e5-a010-9e028b10df7a 1ms 204  | aqueduct
2020-06-20 18:38:38.987697 | INFO | GET /status/28fd74c1-b7be-44e5-a010-9e028b10df7a 1ms 204  | aqueduct
2020-06-20 18:38:39.986315 | INFO | GET /status/28fd74c1-b7be-44e5-a010-9e028b10df7a 1ms 204  | aqueduct
2020-06-20 18:38:40.986316 | INFO | GET /status/28fd74c1-b7be-44e5-a010-9e028b10df7a 1ms 204  | aqueduct
2020-06-20 18:38:41.985900 | INFO | GET /status/28fd74c1-b7be-44e5-a010-9e028b10df7a 1ms 204  | aqueduct
2020-06-20 18:38:42.986217 | INFO | GET /status/28fd74c1-b7be-44e5-a010-9e028b10df7a 1ms 204  | aqueduct
2020-06-20 18:38:43.985606 | INFO | GET /status/28fd74c1-b7be-44e5-a010-9e028b10df7a 1ms 204  | aqueduct
2020-06-20 18:38:44.983776 | INFO | GET /status/28fd74c1-b7be-44e5-a010-9e028b10df7a 1ms 204  | aqueduct
2020-06-20 18:38:45.983857 | INFO | GET /status/28fd74c1-b7be-44e5-a010-9e028b10df7a 1ms 204  | aqueduct
2020-06-20 18:38:46.987942 | INFO | GET /status/28fd74c1-b7be-44e5-a010-9e028b10df7a 2ms 204  | aqueduct
2020-06-20 18:38:47.986240 | INFO | GET /status/28fd74c1-b7be-44e5-a010-9e028b10df7a 1ms 204  | aqueduct
2020-06-20 18:38:48.986551 | INFO | GET /status/28fd74c1-b7be-44e5-a010-9e028b10df7a 1ms 204  | aqueduct
2020-06-20 18:38:49.984083 | INFO | GET /status/28fd74c1-b7be-44e5-a010-9e028b10df7a 1ms 204  | aqueduct
2020-06-20 18:38:50.999617 | INFO | GET /status/28fd74c1-b7be-44e5-a010-9e028b10df7a 2ms 204  | aqueduct
2020-06-20 18:38:51.983570 | INFO | GET /status/28fd74c1-b7be-44e5-a010-9e028b10df7a 1ms 204  | aqueduct
2020-06-20 18:38:52.983504 | INFO | GET /status/28fd74c1-b7be-44e5-a010-9e028b10df7a 1ms 204  | aqueduct
2020-06-20 18:38:53.985304 | INFO | GET /status/28fd74c1-b7be-44e5-a010-9e028b10df7a 1ms 204  | aqueduct
2020-06-20 18:38:54.984363 | INFO | GET /status/28fd74c1-b7be-44e5-a010-9e028b10df7a 1ms 204  | aqueduct
2020-06-20 18:38:55.984792 | INFO | GET /status/28fd74c1-b7be-44e5-a010-9e028b10df7a 1ms 204  | aqueduct
2020-06-20 18:38:57.061470 | INFO | GET /status/28fd74c1-b7be-44e5-a010-9e028b10df7a 18ms 204  | aqueduct
2020-06-20 18:38:57.984559 | INFO | GET /status/28fd74c1-b7be-44e5-a010-9e028b10df7a 1ms 204  | aqueduct
2020-06-20 18:38:58.986566 | INFO | GET /status/28fd74c1-b7be-44e5-a010-9e028b10df7a 1ms 204  | aqueduct
2020-06-20 18:38:59.986342 | INFO | GET /status/28fd74c1-b7be-44e5-a010-9e028b10df7a 1ms 204  | aqueduct
2020-06-20 18:39:00.984597 | INFO | GET /status/28fd74c1-b7be-44e5-a010-9e028b10df7a 1ms 204  | aqueduct
2020-06-20 18:39:01.985342 | INFO | GET /status/28fd74c1-b7be-44e5-a010-9e028b10df7a 1ms 204  | aqueduct
2020-06-20 18:39:02.983517 | INFO | GET /status/28fd74c1-b7be-44e5-a010-9e028b10df7a 1ms 204  | aqueduct
2020-06-20 18:39:03.983191 | INFO | GET /status/28fd74c1-b7be-44e5-a010-9e028b10df7a 1ms 204  | aqueduct
2020-06-20 18:39:04.984890 | INFO | GET /status/28fd74c1-b7be-44e5-a010-9e028b10df7a 1ms 204  | aqueduct
2020-06-20 18:39:05.986369 | INFO | GET /status/28fd74c1-b7be-44e5-a010-9e028b10df7a 1ms 204  | aqueduct
2020-06-20 18:39:06.985496 | INFO | GET /status/28fd74c1-b7be-44e5-a010-9e028b10df7a 2ms 204  | aqueduct
2020-06-20 18:39:07.984207 | INFO | GET /status/28fd74c1-b7be-44e5-a010-9e028b10df7a 1ms 204  | aqueduct
2020-06-20 18:39:08.987091 | INFO | GET /status/28fd74c1-b7be-44e5-a010-9e028b10df7a 1ms 204  | aqueduct
2020-06-20 18:39:09.985958 | INFO | GET /status/28fd74c1-b7be-44e5-a010-9e028b10df7a 1ms 204  | aqueduct
2020-06-20 18:39:10.984531 | INFO | GET /status/28fd74c1-b7be-44e5-a010-9e028b10df7a 1ms 204  | aqueduct
2020-06-20 18:39:11.986196 | INFO | GET /status/28fd74c1-b7be-44e5-a010-9e028b10df7a 2ms 204  | aqueduct
2020-06-20 18:39:12.984872 | INFO | GET /status/28fd74c1-b7be-44e5-a010-9e028b10df7a 1ms 204  | aqueduct
2020-06-20 18:39:13.988587 | INFO | GET /status/28fd74c1-b7be-44e5-a010-9e028b10df7a 3ms 204  | aqueduct
2020-06-20 18:39:14.987837 | INFO | GET /status/28fd74c1-b7be-44e5-a010-9e028b10df7a 3ms 204  | aqueduct
2020-06-20 18:39:15.985452 | INFO | GET /status/28fd74c1-b7be-44e5-a010-9e028b10df7a 1ms 204  | aqueduct
2020-06-20 18:39:16.983932 | INFO | GET /status/28fd74c1-b7be-44e5-a010-9e028b10df7a 1ms 204  | aqueduct
2020-06-20 18:39:17.984188 | INFO | GET /status/28fd74c1-b7be-44e5-a010-9e028b10df7a 2ms 204  | aqueduct
2020-06-20 18:39:18.985244 | INFO | GET /status/28fd74c1-b7be-44e5-a010-9e028b10df7a 1ms 204  | aqueduct
2020-06-20 18:39:19.987692 | INFO | GET /status/28fd74c1-b7be-44e5-a010-9e028b10df7a 1ms 204  | aqueduct
2020-06-20 18:39:20.981752 | INFO | GET /status/28fd74c1-b7be-44e5-a010-9e028b10df7a 1ms 204  | aqueduct
2020-06-20 18:39:22.018190 | INFO | GET /status/28fd74c1-b7be-44e5-a010-9e028b10df7a 1ms 204  | aqueduct
2020-06-20 18:39:22.987851 | INFO | GET /status/28fd74c1-b7be-44e5-a010-9e028b10df7a 2ms 204  | aqueduct
2020-06-20 18:39:23.986865 | INFO | GET /status/28fd74c1-b7be-44e5-a010-9e028b10df7a 1ms 204  | aqueduct
2020-06-20 18:39:24.989384 | INFO | GET /status/28fd74c1-b7be-44e5-a010-9e028b10df7a 1ms 204  | aqueduct
2020-06-20 18:39:25.988437 | INFO | GET /status/28fd74c1-b7be-44e5-a010-9e028b10df7a 1ms 204  | aqueduct
2020-06-20 18:39:26.984377 | INFO | GET /status/28fd74c1-b7be-44e5-a010-9e028b10df7a 1ms 204  | aqueduct
2020-06-20 18:39:27.985639 | INFO | GET /status/28fd74c1-b7be-44e5-a010-9e028b10df7a 1ms 204  | aqueduct
2020-06-20 18:39:28.986043 | INFO | GET /status/28fd74c1-b7be-44e5-a010-9e028b10df7a 1ms 204  | aqueduct
2020-06-20 18:39:29.986426 | INFO | GET /status/28fd74c1-b7be-44e5-a010-9e028b10df7a 1ms 204  | aqueduct
2020-06-20 18:39:30.985766 | INFO | GET /status/28fd74c1-b7be-44e5-a010-9e028b10df7a 1ms 204  | aqueduct
2020-06-20 18:39:31.987313 | INFO | GET /status/28fd74c1-b7be-44e5-a010-9e028b10df7a 1ms 204  | aqueduct
2020-06-20 18:39:32.985782 | INFO | GET /status/28fd74c1-b7be-44e5-a010-9e028b10df7a 1ms 204  | aqueduct
2020-06-20 18:39:33.987353 | INFO | GET /status/28fd74c1-b7be-44e5-a010-9e028b10df7a 1ms 204  | aqueduct
2020-06-20 18:39:34.987567 | INFO | GET /status/28fd74c1-b7be-44e5-a010-9e028b10df7a 1ms 204  | aqueduct
2020-06-20 18:39:35.993596 | INFO | GET /status/28fd74c1-b7be-44e5-a010-9e028b10df7a 1ms 204  | aqueduct
2020-06-20 18:39:36.984180 | INFO | GET /status/28fd74c1-b7be-44e5-a010-9e028b10df7a 1ms 204  | aqueduct
2020-06-20 18:39:37.985463 | INFO | GET /status/28fd74c1-b7be-44e5-a010-9e028b10df7a 1ms 204  | aqueduct
2020-06-20 18:39:38.985755 | INFO | GET /status/28fd74c1-b7be-44e5-a010-9e028b10df7a 1ms 204  | aqueduct
2020-06-20 18:39:39.985299 | INFO | GET /status/28fd74c1-b7be-44e5-a010-9e028b10df7a 1ms 204  | aqueduct
2020-06-20 18:39:40.985431 | INFO | GET /status/28fd74c1-b7be-44e5-a010-9e028b10df7a 1ms 204  | aqueduct
2020-06-20 18:39:41.989432 | INFO | GET /status/28fd74c1-b7be-44e5-a010-9e028b10df7a 2ms 204  | aqueduct
2020-06-20 18:39:42.990744 | INFO | GET /status/28fd74c1-b7be-44e5-a010-9e028b10df7a 2ms 204  | aqueduct
2020-06-20 18:39:44.149025 | INFO | GET /status/28fd74c1-b7be-44e5-a010-9e028b10df7a 1ms 204  | aqueduct
2020-06-20 18:53:04.790680 | INFO | Server aqueduct/1 started. | aqueduct
2020-06-20 18:53:05.145990 | INFO | Server aqueduct/2 started. | aqueduct
2020-06-20 18:53:05.498465 | INFO | Server aqueduct/3 started. | aqueduct
2020-06-20 18:53:05.986579 | INFO | Server aqueduct/4 started. | aqueduct
2020-06-20 18:53:20.850721 | INFO | PostgreSQL connecting, dart_app@localhost:5432/dependency_database. | aqueduct
2020-06-20 18:53:20.932079 | INFO | Starting background processing and returning token | aqueduct
2020-06-20 18:53:20.970620 | INFO | GET /details/com.github.AraujoJordan:ExcuseMe:0.9.5 123ms 200  | aqueduct
2020-06-20 18:53:21.997190 | INFO | GET /status/ec116590-ce18-4aa3-9f0f-6b64c3638d12 4ms 204  | aqueduct
2020-06-20 18:53:22.974880 | INFO | GET /status/ec116590-ce18-4aa3-9f0f-6b64c3638d12 1ms 204  | aqueduct
2020-06-20 18:53:23.974595 | INFO | GET /status/ec116590-ce18-4aa3-9f0f-6b64c3638d12 1ms 204  | aqueduct
2020-06-20 18:53:24.975637 | INFO | GET /status/ec116590-ce18-4aa3-9f0f-6b64c3638d12 1ms 204  | aqueduct
2020-06-20 18:53:25.974759 | INFO | GET /status/ec116590-ce18-4aa3-9f0f-6b64c3638d12 1ms 204  | aqueduct
2020-06-20 18:53:26.976730 | INFO | GET /status/ec116590-ce18-4aa3-9f0f-6b64c3638d12 1ms 204  | aqueduct
2020-06-20 18:53:27.977083 | INFO | GET /status/ec116590-ce18-4aa3-9f0f-6b64c3638d12 1ms 204  | aqueduct
2020-06-20 18:53:28.976053 | INFO | GET /status/ec116590-ce18-4aa3-9f0f-6b64c3638d12 1ms 204  | aqueduct
2020-06-20 18:53:29.976805 | INFO | GET /status/ec116590-ce18-4aa3-9f0f-6b64c3638d12 1ms 204  | aqueduct
2020-06-20 18:53:30.976157 | INFO | GET /status/ec116590-ce18-4aa3-9f0f-6b64c3638d12 1ms 204  | aqueduct
2020-06-20 18:53:33.026992 | INFO | GET /status/ec116590-ce18-4aa3-9f0f-6b64c3638d12 2ms 204  | aqueduct
2020-06-20 18:53:35.155800 | INFO | GET /status/ec116590-ce18-4aa3-9f0f-6b64c3638d12 1ms 204  | aqueduct
2020-06-20 18:53:37.164448 | INFO | GET /status/ec116590-ce18-4aa3-9f0f-6b64c3638d12 2ms 204  | aqueduct
2020-06-20 18:53:38.901541 | INFO | GET /status/ec116590-ce18-4aa3-9f0f-6b64c3638d12 2ms 204  | aqueduct
2020-06-20 18:53:39.935319 | INFO | GET /status/ec116590-ce18-4aa3-9f0f-6b64c3638d12 2ms 204  | aqueduct
2020-06-20 18:53:40.830093 | INFO | GET /status/ec116590-ce18-4aa3-9f0f-6b64c3638d12 1ms 204  | aqueduct
2020-06-20 18:53:41.831284 | INFO | GET /status/ec116590-ce18-4aa3-9f0f-6b64c3638d12 2ms 204  | aqueduct
2020-06-20 18:53:43.226832 | INFO | GET /status/ec116590-ce18-4aa3-9f0f-6b64c3638d12 2ms 204  | aqueduct
2020-06-20 18:53:45.058353 | INFO | GET /status/ec116590-ce18-4aa3-9f0f-6b64c3638d12 1ms 204  | aqueduct
2020-06-20 18:53:46.962876 | INFO | GET /status/ec116590-ce18-4aa3-9f0f-6b64c3638d12 1ms 204  | aqueduct
2020-06-20 18:53:47.829222 | INFO | GET /status/ec116590-ce18-4aa3-9f0f-6b64c3638d12 1ms 204  | aqueduct
2020-06-20 18:53:49.063908 | INFO | GET /status/ec116590-ce18-4aa3-9f0f-6b64c3638d12 5ms 204  | aqueduct
2020-06-20 18:53:50.954129 | INFO | GET /status/ec116590-ce18-4aa3-9f0f-6b64c3638d12 1ms 204  | aqueduct
2020-06-20 18:53:51.915476 | INFO | GET /status/ec116590-ce18-4aa3-9f0f-6b64c3638d12 1ms 204  | aqueduct
2020-06-20 18:53:53.227766 | INFO | GET /status/ec116590-ce18-4aa3-9f0f-6b64c3638d12 2ms 204  | aqueduct
2020-06-20 18:53:55.060225 | INFO | GET /status/ec116590-ce18-4aa3-9f0f-6b64c3638d12 1ms 204  | aqueduct
2020-06-20 18:53:57.197405 | INFO | GET /status/ec116590-ce18-4aa3-9f0f-6b64c3638d12 1ms 204  | aqueduct
2020-06-20 18:53:58.832977 | INFO | GET /status/ec116590-ce18-4aa3-9f0f-6b64c3638d12 2ms 204  | aqueduct
2020-06-20 18:54:00.027895 | INFO | GET /status/ec116590-ce18-4aa3-9f0f-6b64c3638d12 1ms 204  | aqueduct
2020-06-20 18:54:02.226461 | INFO | GET /status/ec116590-ce18-4aa3-9f0f-6b64c3638d12 1ms 204  | aqueduct
2020-06-20 18:54:03.832950 | INFO | GET /status/ec116590-ce18-4aa3-9f0f-6b64c3638d12 2ms 204  | aqueduct
2020-06-20 18:54:04.914838 | INFO | GET /status/ec116590-ce18-4aa3-9f0f-6b64c3638d12 13ms 204  | aqueduct
2020-06-20 18:54:05.835049 | INFO | GET /status/ec116590-ce18-4aa3-9f0f-6b64c3638d12 1ms 204  | aqueduct
2020-06-20 18:54:06.831498 | INFO | GET /status/ec116590-ce18-4aa3-9f0f-6b64c3638d12 2ms 204  | aqueduct
2020-06-20 18:54:08.251204 | INFO | GET /status/ec116590-ce18-4aa3-9f0f-6b64c3638d12 2ms 204  | aqueduct
2020-06-20 18:54:09.859631 | INFO | GET /status/ec116590-ce18-4aa3-9f0f-6b64c3638d12 1ms 204  | aqueduct
2020-06-20 18:54:10.947810 | INFO | GET /status/ec116590-ce18-4aa3-9f0f-6b64c3638d12 1ms 204  | aqueduct
2020-06-20 18:54:12.093617 | INFO | GET /status/ec116590-ce18-4aa3-9f0f-6b64c3638d12 1ms 204  | aqueduct
2020-06-20 18:54:14.135602 | INFO | GET /status/ec116590-ce18-4aa3-9f0f-6b64c3638d12 1ms 204  | aqueduct
2020-06-20 18:54:15.877679 | INFO | GET /status/ec116590-ce18-4aa3-9f0f-6b64c3638d12 1ms 204  | aqueduct
2020-06-20 18:54:17.173211 | INFO | GET /status/ec116590-ce18-4aa3-9f0f-6b64c3638d12 1ms 204  | aqueduct
2020-06-20 18:54:19.139356 | INFO | GET /status/ec116590-ce18-4aa3-9f0f-6b64c3638d12 1ms 204  | aqueduct
2020-06-20 18:54:20.832795 | INFO | GET /status/ec116590-ce18-4aa3-9f0f-6b64c3638d12 1ms 204  | aqueduct
2020-06-20 18:54:22.310591 | INFO | GET /status/ec116590-ce18-4aa3-9f0f-6b64c3638d12 2ms 204  | aqueduct
2020-06-20 18:54:23.991019 | INFO | GET /status/ec116590-ce18-4aa3-9f0f-6b64c3638d12 2ms 204  | aqueduct
2020-06-20 18:54:29.220140 | INFO | Server aqueduct/1 started. | aqueduct
2020-06-20 18:54:29.501998 | INFO | Server aqueduct/2 started. | aqueduct
2020-06-20 18:54:29.792487 | INFO | Server aqueduct/3 started. | aqueduct
2020-06-20 18:54:30.099102 | INFO | Server aqueduct/4 started. | aqueduct
2020-06-20 18:54:30.960413 | INFO | PostgreSQL connecting, dart_app@localhost:5432/dependency_database. | aqueduct
2020-06-20 18:54:31.037661 | INFO | GET /status/ec116590-ce18-4aa3-9f0f-6b64c3638d12 112ms 204  | aqueduct
2020-06-20 18:54:31.079364 | INFO | GET /status/ec116590-ce18-4aa3-9f0f-6b64c3638d12 3ms 204  | aqueduct
2020-06-20 18:54:31.976126 | INFO | GET /status/ec116590-ce18-4aa3-9f0f-6b64c3638d12 2ms 204  | aqueduct
2020-06-20 18:54:34.089426 | INFO | GET /status/ec116590-ce18-4aa3-9f0f-6b64c3638d12 1ms 204  | aqueduct
2020-06-20 18:54:35.394457 | INFO | GET /status/ec116590-ce18-4aa3-9f0f-6b64c3638d12 1ms 204  | aqueduct
2020-06-20 18:54:35.977130 | INFO | GET /status/ec116590-ce18-4aa3-9f0f-6b64c3638d12 2ms 204  | aqueduct
2020-06-20 18:54:36.975453 | INFO | GET /status/ec116590-ce18-4aa3-9f0f-6b64c3638d12 1ms 204  | aqueduct
2020-06-20 18:54:51.970265 | INFO | Starting background processing and returning token | aqueduct
2020-06-20 18:54:51.988871 | INFO | GET /details/com.github.AraujoJordan:ExcuseMe:0.9.5 15ms 200  | aqueduct
2020-06-20 18:54:53.005736 | INFO | GET /status/0850de6f-f295-4f75-8025-166f7142708c 2ms 204  | aqueduct
2020-06-20 18:54:54.852658 | INFO | GET /status/0850de6f-f295-4f75-8025-166f7142708c 1ms 204  | aqueduct
2020-06-20 18:54:55.997854 | INFO | GET /status/0850de6f-f295-4f75-8025-166f7142708c 1ms 204  | aqueduct
2020-06-20 18:54:56.001062 | INFO | GET /status/0850de6f-f295-4f75-8025-166f7142708c 1ms 204  | aqueduct
2020-06-20 18:54:57.234854 | INFO | GET /status/0850de6f-f295-4f75-8025-166f7142708c 2ms 204  | aqueduct
2020-06-20 18:54:58.893624 | INFO | GET /status/0850de6f-f295-4f75-8025-166f7142708c 7ms 204  | aqueduct
2020-06-20 18:54:59.833824 | INFO | GET /status/0850de6f-f295-4f75-8025-166f7142708c 2ms 204  | aqueduct
2020-06-20 18:55:01.269905 | INFO | GET /status/0850de6f-f295-4f75-8025-166f7142708c 1ms 204  | aqueduct
2020-06-20 18:55:03.062707 | INFO | GET /status/0850de6f-f295-4f75-8025-166f7142708c 1ms 204  | aqueduct
2020-06-20 18:55:05.062866 | INFO | GET /status/0850de6f-f295-4f75-8025-166f7142708c 15ms 204  | aqueduct
2020-06-20 18:55:06.830254 | INFO | GET /status/0850de6f-f295-4f75-8025-166f7142708c 1ms 204  | aqueduct
2020-06-20 18:55:08.345275 | INFO | GET /status/0850de6f-f295-4f75-8025-166f7142708c 35ms 200  | aqueduct
2020-06-20 18:59:47.804006 | INFO | GET /details/com.github.AraujoJordan:ExcuseMe:0.9.5 21ms 200  | aqueduct
2020-06-20 18:59:53.330672 | INFO | GET /details/com.github.AraujoJordan:ExcuseMe:0.9.5 15ms 200  | aqueduct
2020-06-20 19:00:08.878579 | INFO | GET /details/com.github.AraujoJordan:ExcuseMe:0.9.5 2ms 200  | aqueduct
2020-06-20 19:01:32.125462 | INFO | GET /details/com.github.AraujoJordan:ExcuseMe:0.9.5 3ms 200  | aqueduct
2020-06-20 19:03:16.129912 | INFO | GET /details/com.github.AraujoJordan:ExcuseMe:0.9.5 7ms 200  | aqueduct
2020-06-20 19:09:18.116467 | INFO | GET /details/com.github.AraujoJordan:ExcuseMe:0.9.5 7ms 200  | aqueduct
2020-06-20 19:09:50.722957 | INFO | Starting background processing and returning token | aqueduct
2020-06-20 19:09:50.731209 | INFO | GET /details/com.greedygame.sdkx:core:0.0.69 19ms 200  | aqueduct
2020-06-20 19:09:51.791910 | INFO | GET /status/0dfd97f5-c5e3-4686-8f48-80f18af32d72 52ms 204  | aqueduct
2020-06-20 19:09:52.738441 | INFO | GET /status/0dfd97f5-c5e3-4686-8f48-80f18af32d72 1ms 204  | aqueduct
2020-06-20 19:09:53.777405 | INFO | GET /status/0dfd97f5-c5e3-4686-8f48-80f18af32d72 1ms 204  | aqueduct
2020-06-20 19:09:54.741691 | INFO | GET /status/0dfd97f5-c5e3-4686-8f48-80f18af32d72 2ms 204  | aqueduct
2020-06-20 19:09:55.744032 | INFO | GET /status/0dfd97f5-c5e3-4686-8f48-80f18af32d72 2ms 204  | aqueduct
2020-06-20 19:09:56.745873 | INFO | GET /status/0dfd97f5-c5e3-4686-8f48-80f18af32d72 1ms 204  | aqueduct
2020-06-20 19:09:57.746052 | INFO | GET /status/0dfd97f5-c5e3-4686-8f48-80f18af32d72 2ms 204  | aqueduct
2020-06-20 19:09:58.744285 | INFO | GET /status/0dfd97f5-c5e3-4686-8f48-80f18af32d72 2ms 204  | aqueduct
2020-06-20 19:09:59.743909 | INFO | GET /status/0dfd97f5-c5e3-4686-8f48-80f18af32d72 1ms 204  | aqueduct
2020-06-20 19:10:00.743907 | INFO | GET /status/0dfd97f5-c5e3-4686-8f48-80f18af32d72 1ms 204  | aqueduct
2020-06-20 19:10:01.740915 | INFO | GET /status/0dfd97f5-c5e3-4686-8f48-80f18af32d72 1ms 204  | aqueduct
2020-06-20 19:10:02.743556 | INFO | GET /status/0dfd97f5-c5e3-4686-8f48-80f18af32d72 1ms 204  | aqueduct
2020-06-20 19:10:03.744529 | INFO | GET /status/0dfd97f5-c5e3-4686-8f48-80f18af32d72 1ms 204  | aqueduct
2020-06-20 19:10:04.744424 | INFO | GET /status/0dfd97f5-c5e3-4686-8f48-80f18af32d72 3ms 204  | aqueduct
2020-06-20 19:10:05.745982 | INFO | GET /status/0dfd97f5-c5e3-4686-8f48-80f18af32d72 1ms 204  | aqueduct
2020-06-20 19:10:06.742060 | INFO | GET /status/0dfd97f5-c5e3-4686-8f48-80f18af32d72 1ms 204  | aqueduct
2020-06-20 19:10:07.753657 | INFO | GET /status/0dfd97f5-c5e3-4686-8f48-80f18af32d72 14ms 204  | aqueduct
2020-06-20 19:10:08.741277 | INFO | GET /status/0dfd97f5-c5e3-4686-8f48-80f18af32d72 1ms 204  | aqueduct
2020-06-20 19:10:09.740508 | INFO | GET /status/0dfd97f5-c5e3-4686-8f48-80f18af32d72 1ms 204  | aqueduct
2020-06-20 19:10:10.744577 | INFO | GET /status/0dfd97f5-c5e3-4686-8f48-80f18af32d72 1ms 204  | aqueduct
2020-06-20 19:10:11.744565 | INFO | GET /status/0dfd97f5-c5e3-4686-8f48-80f18af32d72 1ms 204  | aqueduct
2020-06-20 19:10:12.753124 | INFO | GET /status/0dfd97f5-c5e3-4686-8f48-80f18af32d72 12ms 204  | aqueduct
2020-06-20 19:10:13.740010 | INFO | GET /status/0dfd97f5-c5e3-4686-8f48-80f18af32d72 1ms 204  | aqueduct
2020-06-20 19:10:14.742531 | INFO | GET /status/0dfd97f5-c5e3-4686-8f48-80f18af32d72 1ms 204  | aqueduct
2020-06-20 19:10:15.740498 | INFO | GET /status/0dfd97f5-c5e3-4686-8f48-80f18af32d72 1ms 204  | aqueduct
2020-06-20 19:10:16.744064 | INFO | GET /status/0dfd97f5-c5e3-4686-8f48-80f18af32d72 2ms 200  | aqueduct
2020-06-20 19:12:11.306266 | INFO | Starting background processing and returning token | aqueduct
2020-06-20 19:12:11.309841 | INFO | GET /details/com.greedygame:core:9.0.0 3ms 200  | aqueduct
2020-06-20 19:12:12.322404 | INFO | GET /status/a3ff3d7b-b044-4be7-9d17-8a62286f881e 2ms 204  | aqueduct
2020-06-20 19:12:13.322167 | INFO | GET /status/a3ff3d7b-b044-4be7-9d17-8a62286f881e 4ms 204  | aqueduct
2020-06-20 19:12:14.322356 | INFO | GET /status/a3ff3d7b-b044-4be7-9d17-8a62286f881e 2ms 204  | aqueduct
2020-06-20 19:12:15.326499 | INFO | GET /status/a3ff3d7b-b044-4be7-9d17-8a62286f881e 5ms 204  | aqueduct
2020-06-20 19:12:16.326311 | INFO | GET /status/a3ff3d7b-b044-4be7-9d17-8a62286f881e 3ms 204  | aqueduct
2020-06-20 19:12:17.324130 | INFO | GET /status/a3ff3d7b-b044-4be7-9d17-8a62286f881e 3ms 204  | aqueduct
2020-06-20 19:12:18.323122 | INFO | GET /status/a3ff3d7b-b044-4be7-9d17-8a62286f881e 3ms 204  | aqueduct
2020-06-20 19:12:19.321067 | INFO | GET /status/a3ff3d7b-b044-4be7-9d17-8a62286f881e 1ms 204  | aqueduct
2020-06-20 19:12:20.318327 | INFO | GET /status/a3ff3d7b-b044-4be7-9d17-8a62286f881e 1ms 204  | aqueduct
2020-06-20 19:12:21.327285 | INFO | GET /status/a3ff3d7b-b044-4be7-9d17-8a62286f881e 4ms 200  | aqueduct
2020-06-20 19:12:36.182503 | INFO | GET /details/com.greedygame:core:9.0.0 8ms 200  | aqueduct
2020-06-20 19:12:41.462862 | INFO | GET /details/com.greedygame:core:9.0.0 8ms 200  | aqueduct
2020-06-20 19:15:00.520016 | INFO | Starting background processing and returning token | aqueduct
2020-06-20 19:15:00.523297 | INFO | GET /details/androidx.palette:palette:1.0.0 30ms 200  | aqueduct
2020-06-20 19:15:01.536344 | INFO | GET /status/f21a5a97-b2f7-42bb-82f8-d4b363759c72 2ms 204  | aqueduct
2020-06-20 19:15:02.534264 | INFO | GET /status/f21a5a97-b2f7-42bb-82f8-d4b363759c72 1ms 204  | aqueduct
2020-06-20 19:15:03.540762 | INFO | GET /status/f21a5a97-b2f7-42bb-82f8-d4b363759c72 5ms 204  | aqueduct
2020-06-20 19:15:04.542707 | INFO | GET /status/f21a5a97-b2f7-42bb-82f8-d4b363759c72 10ms 204  | aqueduct
2020-06-20 19:15:05.531019 | INFO | GET /status/f21a5a97-b2f7-42bb-82f8-d4b363759c72 1ms 204  | aqueduct
2020-06-20 19:15:06.532483 | INFO | GET /status/f21a5a97-b2f7-42bb-82f8-d4b363759c72 1ms 204  | aqueduct
2020-06-20 19:15:07.531549 | INFO | GET /status/f21a5a97-b2f7-42bb-82f8-d4b363759c72 1ms 204  | aqueduct
2020-06-20 19:15:08.534218 | INFO | GET /status/f21a5a97-b2f7-42bb-82f8-d4b363759c72 1ms 204  | aqueduct
2020-06-20 19:15:09.533102 | INFO | GET /status/f21a5a97-b2f7-42bb-82f8-d4b363759c72 3ms 204  | aqueduct
2020-06-20 19:15:10.532624 | INFO | GET /status/f21a5a97-b2f7-42bb-82f8-d4b363759c72 1ms 204  | aqueduct
2020-06-20 19:15:11.534112 | INFO | GET /status/f21a5a97-b2f7-42bb-82f8-d4b363759c72 1ms 200  | aqueduct
2020-06-20 19:15:30.560877 | INFO | Starting background processing and returning token | aqueduct
2020-06-20 19:15:30.562490 | INFO | GET /details/com.squareup.moshi:moshi:1.9.2 3ms 200  | aqueduct
2020-06-20 19:15:31.575140 | INFO | GET /status/ebe64f13-361b-44d1-8ce3-383d9a45644a 2ms 204  | aqueduct
2020-06-20 19:15:32.573713 | INFO | GET /status/ebe64f13-361b-44d1-8ce3-383d9a45644a 2ms 204  | aqueduct
2020-06-20 19:15:33.571959 | INFO | GET /status/ebe64f13-361b-44d1-8ce3-383d9a45644a 1ms 204  | aqueduct
2020-06-20 19:15:34.575764 | INFO | GET /status/ebe64f13-361b-44d1-8ce3-383d9a45644a 1ms 204  | aqueduct
2020-06-20 19:15:35.575623 | INFO | GET /status/ebe64f13-361b-44d1-8ce3-383d9a45644a 1ms 204  | aqueduct
2020-06-20 19:15:36.576590 | INFO | GET /status/ebe64f13-361b-44d1-8ce3-383d9a45644a 1ms 204  | aqueduct
2020-06-20 19:15:37.571783 | INFO | GET /status/ebe64f13-361b-44d1-8ce3-383d9a45644a 1ms 204  | aqueduct
2020-06-20 19:15:38.573246 | INFO | GET /status/ebe64f13-361b-44d1-8ce3-383d9a45644a 1ms 204  | aqueduct
2020-06-20 19:15:39.574540 | INFO | GET /status/ebe64f13-361b-44d1-8ce3-383d9a45644a 1ms 204  | aqueduct
2020-06-20 19:15:40.575129 | INFO | GET /status/ebe64f13-361b-44d1-8ce3-383d9a45644a 1ms 204  | aqueduct
2020-06-20 19:15:41.572852 | INFO | GET /status/ebe64f13-361b-44d1-8ce3-383d9a45644a 1ms 204  | aqueduct
2020-06-20 19:15:42.570938 | INFO | GET /status/ebe64f13-361b-44d1-8ce3-383d9a45644a 1ms 204  | aqueduct
2020-06-20 19:15:43.576479 | INFO | GET /status/ebe64f13-361b-44d1-8ce3-383d9a45644a 1ms 204  | aqueduct
2020-06-20 19:15:44.571086 | INFO | GET /status/ebe64f13-361b-44d1-8ce3-383d9a45644a 1ms 204  | aqueduct
2020-06-20 19:15:45.577845 | INFO | GET /status/ebe64f13-361b-44d1-8ce3-383d9a45644a 2ms 200  | aqueduct
2020-06-20 19:16:26.537438 | INFO | GET /details/androidx.palette:palette:1.0.0 1ms 200  | aqueduct
2020-06-20 19:16:58.848902 | INFO | Starting background processing and returning token | aqueduct
2020-06-20 19:16:58.850254 | INFO | GET /details/com.squareup.moshi:moshi-adapters:1.9.2 2ms 200  | aqueduct
2020-06-20 19:16:59.861914 | INFO | GET /status/a9b537d0-cd4c-4d9c-b494-e8d8b843733c 2ms 204  | aqueduct
2020-06-20 19:17:00.859659 | INFO | GET /status/a9b537d0-cd4c-4d9c-b494-e8d8b843733c 1ms 204  | aqueduct
2020-06-20 19:17:01.862254 | INFO | GET /status/a9b537d0-cd4c-4d9c-b494-e8d8b843733c 2ms 204  | aqueduct
2020-06-20 19:17:02.864499 | INFO | GET /status/a9b537d0-cd4c-4d9c-b494-e8d8b843733c 1ms 204  | aqueduct
2020-06-20 19:17:03.864761 | INFO | GET /status/a9b537d0-cd4c-4d9c-b494-e8d8b843733c 1ms 204  | aqueduct
2020-06-20 19:17:04.859916 | INFO | GET /status/a9b537d0-cd4c-4d9c-b494-e8d8b843733c 1ms 204  | aqueduct
2020-06-20 19:17:05.859543 | INFO | GET /status/a9b537d0-cd4c-4d9c-b494-e8d8b843733c 1ms 204  | aqueduct
2020-06-20 19:17:06.864338 | INFO | GET /status/a9b537d0-cd4c-4d9c-b494-e8d8b843733c 1ms 204  | aqueduct
2020-06-20 19:17:07.860678 | INFO | GET /status/a9b537d0-cd4c-4d9c-b494-e8d8b843733c 1ms 204  | aqueduct
2020-06-20 19:17:08.859736 | INFO | GET /status/a9b537d0-cd4c-4d9c-b494-e8d8b843733c 1ms 204  | aqueduct
2020-06-20 19:17:09.864447 | INFO | GET /status/a9b537d0-cd4c-4d9c-b494-e8d8b843733c 2ms 200  | aqueduct
2020-06-20 19:17:40.243327 | INFO | Starting background processing and returning token | aqueduct
2020-06-20 19:17:40.244558 | INFO | GET /details/com.google.android.gms:play-services-ads:19.1.0 2ms 200  | aqueduct
2020-06-20 19:17:41.265755 | INFO | GET /status/014ef142-d6b7-4093-bed7-df9813119a25 2ms 204  | aqueduct
2020-06-20 19:17:42.257630 | INFO | GET /status/014ef142-d6b7-4093-bed7-df9813119a25 2ms 204  | aqueduct
2020-06-20 19:17:43.257120 | INFO | GET /status/014ef142-d6b7-4093-bed7-df9813119a25 1ms 204  | aqueduct
2020-06-20 19:17:44.256931 | INFO | GET /status/014ef142-d6b7-4093-bed7-df9813119a25 1ms 204  | aqueduct
2020-06-20 19:17:45.260127 | INFO | GET /status/014ef142-d6b7-4093-bed7-df9813119a25 1ms 204  | aqueduct
2020-06-20 19:17:46.261017 | INFO | GET /status/014ef142-d6b7-4093-bed7-df9813119a25 1ms 204  | aqueduct
2020-06-20 19:17:47.259784 | INFO | GET /status/014ef142-d6b7-4093-bed7-df9813119a25 1ms 204  | aqueduct
2020-06-20 19:17:48.265164 | INFO | GET /status/014ef142-d6b7-4093-bed7-df9813119a25 2ms 204  | aqueduct
2020-06-20 19:17:49.263641 | INFO | GET /status/014ef142-d6b7-4093-bed7-df9813119a25 1ms 204  | aqueduct
2020-06-20 19:17:50.260463 | INFO | GET /status/014ef142-d6b7-4093-bed7-df9813119a25 1ms 204  | aqueduct
2020-06-20 19:17:51.261318 | INFO | GET /status/014ef142-d6b7-4093-bed7-df9813119a25 1ms 204  | aqueduct
2020-06-20 19:17:52.261285 | INFO | GET /status/014ef142-d6b7-4093-bed7-df9813119a25 1ms 204  | aqueduct
2020-06-20 19:17:53.261913 | INFO | GET /status/014ef142-d6b7-4093-bed7-df9813119a25 1ms 204  | aqueduct
2020-06-20 19:17:54.285158 | INFO | GET /status/014ef142-d6b7-4093-bed7-df9813119a25 18ms 204  | aqueduct
2020-06-20 19:17:55.266250 | INFO | GET /status/014ef142-d6b7-4093-bed7-df9813119a25 1ms 204  | aqueduct
2020-06-20 19:17:56.266320 | INFO | GET /status/014ef142-d6b7-4093-bed7-df9813119a25 1ms 204  | aqueduct
2020-06-20 19:17:57.267471 | INFO | GET /status/014ef142-d6b7-4093-bed7-df9813119a25 1ms 204  | aqueduct
2020-06-20 19:17:58.265007 | INFO | GET /status/014ef142-d6b7-4093-bed7-df9813119a25 1ms 204  | aqueduct
2020-06-20 19:17:59.265188 | INFO | GET /status/014ef142-d6b7-4093-bed7-df9813119a25 1ms 204  | aqueduct
2020-06-20 19:18:00.265124 | INFO | GET /status/014ef142-d6b7-4093-bed7-df9813119a25 1ms 204  | aqueduct
2020-06-20 19:18:01.265396 | INFO | GET /status/014ef142-d6b7-4093-bed7-df9813119a25 1ms 204  | aqueduct
2020-06-20 19:18:02.265891 | INFO | GET /status/014ef142-d6b7-4093-bed7-df9813119a25 1ms 200  | aqueduct
2020-06-20 19:19:06.707208 | INFO | Starting background processing and returning token | aqueduct
2020-06-20 19:19:06.708634 | INFO | GET /details/com.squareup.moshi:moshi-kotlin:1.9.3 3ms 200  | aqueduct
2020-06-20 19:19:07.720732 | INFO | GET /status/3aaa6ef2-9486-427d-b9e3-9402fff3f5c1 2ms 204  | aqueduct
2020-06-20 19:19:08.720554 | INFO | GET /status/3aaa6ef2-9486-427d-b9e3-9402fff3f5c1 1ms 204  | aqueduct
2020-06-20 19:19:09.729279 | INFO | GET /status/3aaa6ef2-9486-427d-b9e3-9402fff3f5c1 12ms 204  | aqueduct
2020-06-20 19:19:10.723928 | INFO | GET /status/3aaa6ef2-9486-427d-b9e3-9402fff3f5c1 1ms 204  | aqueduct
2020-06-20 19:19:11.723993 | INFO | GET /status/3aaa6ef2-9486-427d-b9e3-9402fff3f5c1 1ms 204  | aqueduct
2020-06-20 19:19:12.721476 | INFO | GET /status/3aaa6ef2-9486-427d-b9e3-9402fff3f5c1 1ms 204  | aqueduct
2020-06-20 19:19:13.724453 | INFO | GET /status/3aaa6ef2-9486-427d-b9e3-9402fff3f5c1 1ms 204  | aqueduct
2020-06-20 19:19:14.720574 | INFO | GET /status/3aaa6ef2-9486-427d-b9e3-9402fff3f5c1 1ms 204  | aqueduct
2020-06-20 19:19:15.736019 | INFO | GET /status/3aaa6ef2-9486-427d-b9e3-9402fff3f5c1 18ms 204  | aqueduct
2020-06-20 19:19:16.726827 | INFO | GET /status/3aaa6ef2-9486-427d-b9e3-9402fff3f5c1 9ms 204  | aqueduct
2020-06-20 19:19:17.721327 | INFO | GET /status/3aaa6ef2-9486-427d-b9e3-9402fff3f5c1 1ms 204  | aqueduct
2020-06-20 19:19:18.718 | INFO | GET /status/3aaa6ef2-9486-427d-b9e3-9402fff3f5c1 1ms 204  | aqueduct
2020-06-20 19:19:19.718989 | INFO | GET /status/3aaa6ef2-9486-427d-b9e3-9402fff3f5c1 1ms 204  | aqueduct
2020-06-20 19:19:20.719299 | INFO | GET /status/3aaa6ef2-9486-427d-b9e3-9402fff3f5c1 1ms 204  | aqueduct
2020-06-20 19:19:21.719881 | INFO | GET /status/3aaa6ef2-9486-427d-b9e3-9402fff3f5c1 1ms 204  | aqueduct
2020-06-20 19:19:22.717990 | INFO | GET /status/3aaa6ef2-9486-427d-b9e3-9402fff3f5c1 1ms 204  | aqueduct
2020-06-20 19:19:23.719515 | INFO | GET /status/3aaa6ef2-9486-427d-b9e3-9402fff3f5c1 1ms 204  | aqueduct
2020-06-20 19:19:24.719174 | INFO | GET /status/3aaa6ef2-9486-427d-b9e3-9402fff3f5c1 2ms 204  | aqueduct
2020-06-20 19:19:25.722485 | INFO | GET /status/3aaa6ef2-9486-427d-b9e3-9402fff3f5c1 2ms 200  | aqueduct
2020-06-21 15:05:55.594867 | INFO | PostgreSQL connecting, dart_app@localhost:5432/dependency_database. | aqueduct
2020-06-21 15:05:55.908140 | INFO | Starting background processing and returning token | aqueduct
2020-06-21 15:05:55.950102 | INFO | GET /details/com.github.AraujoJordan:ExcuseMe:0.9.5 417ms 200  | aqueduct
2020-06-21 15:05:56.992565 | INFO | GET /status/bd836e1c-fd8b-4990-a743-5f80280de438 4ms 204  | aqueduct
2020-06-21 15:05:57.958623 | INFO | GET /status/bd836e1c-fd8b-4990-a743-5f80280de438 2ms 204  | aqueduct
2020-06-21 15:05:58.957058 | INFO | GET /status/bd836e1c-fd8b-4990-a743-5f80280de438 1ms 204  | aqueduct
2020-06-21 15:05:59.957179 | INFO | GET /status/bd836e1c-fd8b-4990-a743-5f80280de438 1ms 204  | aqueduct
2020-06-21 15:06:00.958659 | INFO | GET /status/bd836e1c-fd8b-4990-a743-5f80280de438 3ms 204  | aqueduct
2020-06-21 15:06:01.964161 | INFO | GET /status/bd836e1c-fd8b-4990-a743-5f80280de438 2ms 204  | aqueduct
2020-06-21 15:06:03.002907 | INFO | GET /status/bd836e1c-fd8b-4990-a743-5f80280de438 2ms 204  | aqueduct
2020-06-21 15:06:03.959758 | INFO | GET /status/bd836e1c-fd8b-4990-a743-5f80280de438 2ms 204  | aqueduct
2020-06-21 15:06:04.960411 | INFO | GET /status/bd836e1c-fd8b-4990-a743-5f80280de438 2ms 204  | aqueduct
2020-06-21 15:06:05.959790 | INFO | GET /status/bd836e1c-fd8b-4990-a743-5f80280de438 1ms 204  | aqueduct
2020-06-21 15:06:06.960533 | INFO | GET /status/bd836e1c-fd8b-4990-a743-5f80280de438 1ms 204  | aqueduct
2020-06-21 15:06:07.980330 | INFO | GET /status/bd836e1c-fd8b-4990-a743-5f80280de438 2ms 204  | aqueduct
2020-06-21 15:06:08.970818 | INFO | GET /status/bd836e1c-fd8b-4990-a743-5f80280de438 8ms 204  | aqueduct
2020-06-21 15:06:09.960239 | INFO | GET /status/bd836e1c-fd8b-4990-a743-5f80280de438 1ms 204  | aqueduct
2020-06-21 15:06:10.958827 | INFO | GET /status/bd836e1c-fd8b-4990-a743-5f80280de438 1ms 204  | aqueduct
2020-06-21 15:06:12.008826 | INFO | GET /status/bd836e1c-fd8b-4990-a743-5f80280de438 51ms 200  | aqueduct
